namespace = ST
: = ST
Cplusplus = SNT
; = ST
Programa = SNT
-> = Flecha
\( = Izquierdo
Librerias = SNT
\) = Derecho
\? = Epsilon
Main = SNT
\; = FinProduccion
Librerias = SNT
-> = Flecha
# = ST
include = ST
< = ST
Identificador = Tipo
> = ST
\; = FinProduccion
Main = SNT
-> = Flecha
void = ST
main = ST
( = ST
) = ST
BloqueInstrucciones = SNT
\; = FinProduccion
BloqueInstrucciones = SNT
-> = Flecha
\; = FinProduccion
If = SNT
-> = Flecha
if = ST
( = ST
Condicion = Tipo
) = ST
\( = Izquierdo
BloqueInstrucciones = SNT
\| = Or
Instruccion = SNT
\) = Derecho
\; = FinProduccion
￿ = ST
